[19:08:01] [main/INFO]: ModLauncher running: args [--username, KuroiAme3546, --version, forge-47.4.18, --gameDir, C:\Users\gian2\curseforge\Instances\All The Primus - Reprimed, --assetsDir, C:\Users\gian2\curseforge\Install\assets, --assetIndex, 5, --uuid, 2a31c9a9b5c64e43abe7ae034584d661, --accessToken, ????????, --clientId, c57cd0-681073-521699-59aa1c-ca2079, --xuid, 2535466827138939, --userType, msa, --versionType, release, --width, 1366, --height, 768, --quickPlayPath, C:\Users\gian2\curseforge\Quickplay\8691d5bb-ee7e-443e-a0da-d748ea7f71a5.json, , , , --launchTarget, forgeclient, --fml.forgeVersion, 47.4.18, --fml.mcVersion, 1.20.1, --fml.forgeGroup, net.minecraftforge, --fml.mcpVersion, 20230612.114412]
[19:08:01] [main/INFO]: ModLauncher 10.0.9+10.0.9+main.dcd20f30 starting: java version 17.0.8 by Eclipse Adoptium; OS Windows 11 arch amd64 version 10.0
[19:08:05] [main/INFO]: Loading ImmediateWindowProvider fmlearlywindow
[19:08:05] [main/INFO]: Trying GL version 4.6
[19:08:05] [main/INFO]: Requested GL version 4.6 got version 4.6
[19:08:06] [main/WARN]: Stream injection failed; legacy loggers may retain blocking behavior.
[19:08:06] [main/INFO]: Launching CrashAssistantApp (CrashAssistant-forge-1.19-1.20.1-1.11.6.jar)
[19:08:06] [pool-2-thread-1/INFO]: GL info: Intel(R) UHD Graphics GL version 4.6.0 - Build 30.0.101.2079, Intel
[19:08:08] [main/INFO]: SpongePowered MIXIN Subsystem Version=0.8.5 Source=union:/C:/Users/gian2/curseforge/Install/libraries/org/spongepowered/mixin/0.8.5/mixin-0.8.5.jar%23100!/ Service=ModLauncher Env=CLIENT
[19:08:10] [CrashAssistantApp process logger/INFO]: CrashAssistantApp process successfully started.
[19:08:10] [main/INFO]: Found mod file 1.8.1+1.20.1+forge.jar of type MOD with provider {mods folder locator at C:\Users\gian2\curseforge\Instances\All The Primus - Reprimed\mods}
[19:08:10] [main/INFO]: Found mod file advancedcompass.forge.1.20.1-1.2.15.jar of type MOD with provider {mods folder locator at C:\Users\gian2\curseforge\Instances\All The Primus - Reprimed\mods}
[19:08:10] [main/INFO]: Found mod file aggroindicator-1.1.5+forge1.20.1.jar of type MOD with provider {mods folder locator at C:\Users\gian2\curseforge\Instances\All The Primus - Reprimed\mods}
[19:08:10] [main/INFO]: Found mod file AI-Improvements-1.20-0.5.2.jar of type MOD with provider {mods folder locator at C:\Users\gian2\curseforge\Instances\All The Primus - Reprimed\mods}
[19:08:10] [main/INFO]: Found mod file alexscaves-2.0.2.jar of type MOD with provider {mods folder locator at C:\Users\gian2\curseforge\Instances\All The Primus - Reprimed\mods}
[19:08:10] [main/INFO]: Found mod file alexscavesexemplified-2.1.1-all.jar of type MOD with provider {mods folder locator at C:\Users\gian2\curseforge\Instances\All The Primus - Reprimed\mods}
[19:08:10] [main/INFO]: Found mod file alltheleaks-1.1.1+1.20.1-forge.jar of type MOD with provider {mods folder locator at C:\Users\gian2\curseforge\Instances\All The Primus - Reprimed\mods}
[19:08:10] [main/INFO]: Found mod file almanac-1.20.x-forge-1.0.2.jar of type MOD with provider {mods folder locator at C:\Users\gian2\curseforge\Instances\All The Primus - Reprimed\mods}
[19:08:10] [main/INFO]: Found mod file almostunified-forge-1.20.1-0.11.0.jar of type MOD with provider {mods folder locator at C:\Users\gian2\curseforge\Instances\All The Primus - Reprimed\mods}
[19:08:10] [main/INFO]: Found mod file apexcore-1.20.1-10.0.0.jar of type MOD with provider {mods folder locator at C:\Users\gian2\curseforge\Instances\All The Primus - Reprimed\mods}
[19:08:10] [main/INFO]: Found mod file ApothicAttributes-1.20.1-1.3.7.jar of type MOD with provider {mods folder locator at C:\Users\gian2\curseforge\Instances\All The Primus - Reprimed\mods}
[19:08:10] [main/INFO]: Found mod file appleskin-forge-mc1.20.1-2.5.1.jar of type MOD with provider {mods folder locator at C:\Users\gian2\curseforge\Instances\All The Primus - Reprimed\mods}
[19:08:10] [main/INFO]: Found mod file architectury-9.2.14-forge.jar of type MOD with provider {mods folder locator at C:\Users\gian2\curseforge\Instances\All The Primus - Reprimed\mods}
[19:08:10] [main/INFO]: Found mod file armordamagescale-1.20.1-3.1.jar of type MOD with provider {mods folder locator at C:\Users\gian2\curseforge\Instances\All The Primus - Reprimed\mods}
[19:08:10] [main/INFO]: Found mod file athena-forge-1.20.1-3.1.2.jar of type MOD with provider {mods folder locator at C:\Users\gian2\curseforge\Instances\All The Primus - Reprimed\mods}
[19:08:10] [main/INFO]: Found mod file AttributeFix-Forge-1.20.1-21.0.5.jar of type MOD with provider {mods folder locator at C:\Users\gian2\curseforge\Instances\All The Primus - Reprimed\mods}
[19:08:10] [main/INFO]: Found mod file attributification-forge-2.0.4.jar of type MOD with provider {mods folder locator at C:\Users\gian2\curseforge\Instances\All The Primus - Reprimed\mods}
[19:08:10] [main/INFO]: Found mod file attributizer-3.1.jar of type MOD with provider {mods folder locator at C:\Users\gian2\curseforge\Instances\All The Primus - Reprimed\mods}
[19:08:10] [main/INFO]: Found mod file azurelib-neo-1.20.1-3.1.4.jar of type MOD with provider {mods folder locator at C:\Users\gian2\curseforge\Instances\All The Primus - Reprimed\mods}
[19:08:10] [main/INFO]: Found mod file balm-forge-1.20.1-7.3.38-all.jar of type MOD with provider {mods folder locator at C:\Users\gian2\curseforge\Instances\All The Primus - Reprimed\mods}
[19:08:10] [main/INFO]: Found mod file bc_particle-0.0.6-forge-1.20.1.jar of type MOD with provider {mods folder locator at C:\Users\gian2\curseforge\Instances\All The Primus - Reprimed\mods}
[19:08:10] [main/INFO]: Found mod file bettercombat-forge-1.9.0+1.20.1.jar of type MOD with provider {mods folder locator at C:\Users\gian2\curseforge\Instances\All The Primus - Reprimed\mods}
[19:08:10] [main/INFO]: Found mod file bettermobcombat-forge-1.20.1-1.3.0-all.jar of type MOD with provider {mods folder locator at C:\Users\gian2\curseforge\Instances\All The Primus - Reprimed\mods}
[19:08:10] [main/INFO]: Found mod file BetterStealth-1.0.3-1.20.1.jar of type MOD with provider {mods folder locator at C:\Users\gian2\curseforge\Instances\All The Primus - Reprimed\mods}
[19:08:10] [main/INFO]: Found mod file blessfulled-0.6.jar of type MOD with provider {mods folder locator at C:\Users\gian2\curseforge\Instances\All The Primus - Reprimed\mods}
[19:08:10] [main/INFO]: Found mod file bmcfix-forge-1.0.2.jar of type MOD with provider {mods folder locator at C:\Users\gian2\curseforge\Instances\All The Primus - Reprimed\mods}
[19:08:10] [main/INFO]: Found mod file Bookshelf-Forge-1.20.1-20.2.15.jar of type MOD with provider {mods folder locator at C:\Users\gian2\curseforge\Instances\All The Primus - Reprimed\mods}
[19:08:10] [main/INFO]: Found mod file Bountiful-6.0.4+1.20.1-forge.jar of type MOD with provider {mods folder locator at C:\Users\gian2\curseforge\Instances\All The Primus - Reprimed\mods}
[19:08:10] [main/INFO]: Found mod file bountiful_npc-forge-1.20.1-1.0.4.jar of type MOD with provider {mods folder locator at C:\Users\gian2\curseforge\Instances\All The Primus - Reprimed\mods}
[19:08:10] [main/INFO]: Found mod file caelus-forge-3.2.0+1.20.1.jar of type MOD with provider {mods folder locator at C:\Users\gian2\curseforge\Instances\All The Primus - Reprimed\mods}
[19:08:10] [main/INFO]: Found mod file carryon-forge-1.20.1-2.1.2.7.jar of type MOD with provider {mods folder locator at C:\Users\gian2\curseforge\Instances\All The Primus - Reprimed\mods}
[19:08:10] [main/INFO]: Found mod file cataclysmiccombat-1.4.1-1.20.1.jar of type MOD with provider {mods folder locator at C:\Users\gian2\curseforge\Instances\All The Primus - Reprimed\mods}
[19:08:10] [main/INFO]: Found mod file celestial_artifacts-1.5.9.jar of type MOD with provider {mods folder locator at C:\Users\gian2\curseforge\Instances\All The Primus - Reprimed\mods}
[19:08:10] [main/INFO]: Found mod file celestial_core-1.5.7.jar of type MOD with provider {mods folder locator at C:\Users\gian2\curseforge\Instances\All The Primus - Reprimed\mods}
[19:08:10] [main/INFO]: Found mod file celestisynth-1.20.1-1.3.4-all.jar of type MOD with provider {mods folder locator at C:\Users\gian2\curseforge\Instances\All The Primus - Reprimed\mods}
[19:08:10] [main/INFO]: Found mod file Chunky-1.3.146.jar of type MOD with provider {mods folder locator at C:\Users\gian2\curseforge\Instances\All The Primus - Reprimed\mods}
[19:08:10] [main/INFO]: Found mod file citadel-2.6.3-1.20.1.jar of type MOD with provider {mods folder locator at C:\Users\gian2\curseforge\Instances\All The Primus - Reprimed\mods}
[19:08:10] [main/INFO]: Found mod file cleanswing-1.20-1.8.jar of type MOD with provider {mods folder locator at C:\Users\gian2\curseforge\Instances\All The Primus - Reprimed\mods}
[19:08:10] [main/INFO]: Found mod file cloth-config-11.1.136-forge.jar of type MOD with provider {mods folder locator at C:\Users\gian2\curseforge\Instances\All The Primus - Reprimed\mods}
[19:08:10] [main/INFO]: Found mod file Clumps-forge-1.20.1-12.0.0.4.jar of type MOD with provider {mods folder locator at C:\Users\gian2\curseforge\Instances\All The Primus - Reprimed\mods}
[19:08:10] [main/INFO]: Found mod file combatroll-forge-1.3.3+1.20.1.jar of type MOD with provider {mods folder locator at C:\Users\gian2\curseforge\Instances\All The Primus - Reprimed\mods}
[19:08:10] [main/INFO]: Found mod file comforts-forge-6.4.0+1.20.1.jar of type MOD with provider {mods folder locator at C:\Users\gian2\curseforge\Instances\All The Primus - Reprimed\mods}
[19:08:10] [main/INFO]: Found mod file common-networking-forge-1.0.5-1.20.1.jar of type MOD with provider {mods folder locator at C:\Users\gian2\curseforge\Instances\All The Primus - Reprimed\mods}
[19:08:10] [main/INFO]: Found mod file connectivity-1.20.1-7.6.jar of type MOD with provider {mods folder locator at C:\Users\gian2\curseforge\Instances\All The Primus - Reprimed\mods}
[19:08:10] [main/INFO]: Found mod file Controlling-forge-1.20.1-12.0.2.jar of type MOD with provider {mods folder locator at C:\Users\gian2\curseforge\Instances\All The Primus - Reprimed\mods}
[19:08:10] [main/INFO]: Found mod file Corgilib-Forge-1.20.1-4.0.3.4.jar of type MOD with provider {mods folder locator at C:\Users\gian2\curseforge\Instances\All The Primus - Reprimed\mods}
[19:08:10] [main/INFO]: Found mod file coroutil-forge-1.20.1-1.3.7.jar of type MOD with provider {mods folder locator at C:\Users\gian2\curseforge\Instances\All The Primus - Reprimed\mods}
[19:08:10] [main/INFO]: Found mod file corpse-forge-1.20.1-1.0.23.jar of type MOD with provider {mods folder locator at C:\Users\gian2\curseforge\Instances\All The Primus - Reprimed\mods}
[19:08:10] [main/INFO]: Found mod file craftedcore-5.8.2.jar of type MOD with provider {mods folder locator at C:\Users\gian2\curseforge\Instances\All The Primus - Reprimed\mods}
[19:08:10] [main/INFO]: Found mod file CreativeCore_FORGE_v2.12.35_mc1.20.1.jar of type MOD with provider {mods folder locator at C:\Users\gian2\curseforge\Instances\All The Primus - Reprimed\mods}
[19:08:10] [main/INFO]: Found mod file CullLessLeaves-Reforged-1.20.1-1.0.5.jar of type MOD with provider {mods folder locator at C:\Users\gian2\curseforge\Instances\All The Primus - Reprimed\mods}
[19:08:10] [main/INFO]: Found mod file cupboard-1.20.1-3.5.jar of type MOD with provider {mods folder locator at C:\Users\gian2\curseforge\Instances\All The Primus - Reprimed\mods}
[19:08:10] [main/INFO]: Found mod file curios-forge-5.14.1+1.20.1.jar of type MOD with provider {mods folder locator at C:\Users\gian2\curseforge\Instances\All The Primus - Reprimed\mods}
[19:08:10] [main/INFO]: Found mod file CuriousĀMobs 1.6.0.jar of type MOD with provider {mods folder locator at C:\Users\gian2\curseforge\Instances\All The Primus - Reprimed\mods}
[19:08:10] [main/INFO]: Found mod file damageindicator-2.2.1-1.20.1.jar of type MOD with provider {mods folder locator at C:\Users\gian2\curseforge\Instances\All The Primus - Reprimed\mods}
[19:08:10] [main/INFO]: Found mod file darkness-forge-1.20.1-2.0.103-fork.jar of type MOD with provider {mods folder locator at C:\Users\gian2\curseforge\Instances\All The Primus - Reprimed\mods}
[19:08:10] [main/INFO]: Found mod file Data_Anchor-forge-1.20.1-1.0.0.20.jar of type MOD with provider {mods folder locator at C:\Users\gian2\curseforge\Instances\All The Primus - Reprimed\mods}
[19:08:10] [main/INFO]: Found mod file deltaboxlib-forge-2.2.0+1.20.1.jar of type MOD with provider {mods folder locator at C:\Users\gian2\curseforge\Instances\All The Primus - Reprimed\mods}
[19:08:10] [main/INFO]: Found mod file distraction_free_recipes-forge-1.2.1-1.20.1.jar of type MOD with provider {mods folder locator at C:\Users\gian2\curseforge\Instances\All The Primus - Reprimed\mods}
[19:08:10] [main/INFO]: Found mod file dragonlib-forge-1.20.1-beta-3.0.24.jar of type MOD with provider {mods folder locator at C:\Users\gian2\curseforge\Instances\All The Primus - Reprimed\mods}
[19:08:10] [main/INFO]: Found mod file dummmmmmy-1.20-2.0.9.jar of type MOD with provider {mods folder locator at C:\Users\gian2\curseforge\Instances\All The Primus - Reprimed\mods}
[19:08:10] [main/INFO]: Found mod file dynamic-fps-3.11.4+minecraft-1.20.0-forge.jar of type MOD with provider {mods folder locator at C:\Users\gian2\curseforge\Instances\All The Primus - Reprimed\mods}
[19:08:10] [main/INFO]: Found mod file embeddium-0.3.31+mc1.20.1.jar of type MOD with provider {mods folder locator at C:\Users\gian2\curseforge\Instances\All The Primus - Reprimed\mods}
[19:08:10] [main/INFO]: Found mod file emi-1.1.22+1.20.1+forge.jar of type MOD with provider {mods folder locator at C:\Users\gian2\curseforge\Instances\All The Primus - Reprimed\mods}
[19:08:10] [main/INFO]: Found mod file emi_enchanting-0.1.2+1.20.1+forge.jar of type MOD with provider {mods folder locator at C:\Users\gian2\curseforge\Instances\All The Primus - Reprimed\mods}
[19:08:10] [main/INFO]: Found mod file emi_loot-0.7.9+1.20.1+forge.jar of type MOD with provider {mods folder locator at C:\Users\gian2\curseforge\Instances\All The Primus - Reprimed\mods}
[19:08:10] [main/INFO]: Found mod file emi_ores-1.2+1.20.1+forge.jar of type MOD with provider {mods folder locator at C:\Users\gian2\curseforge\Instances\All The Primus - Reprimed\mods}
[19:08:10] [main/INFO]: Found mod file emiffect-forge-1.1.2+mc1.20.1.jar of type MOD with provider {mods folder locator at C:\Users\gian2\curseforge\Instances\All The Primus - Reprimed\mods}
[19:08:10] [main/INFO]: Found mod file emiloot_integrates_lootjs-forge-1.0.0.jar of type MOD with provider {mods folder locator at C:\Users\gian2\curseforge\Instances\All The Primus - Reprimed\mods}
[19:08:10] [main/INFO]: Found mod file EMIProfessions-forge-1.20.1-1.0.4.jar of type MOD with provider {mods folder locator at C:\Users\gian2\curseforge\Instances\All The Primus - Reprimed\mods}
[19:08:10] [main/INFO]: Found mod file emitrades-forge-1.2.1+mc1.20.1.jar of type MOD with provider {mods folder locator at C:\Users\gian2\curseforge\Instances\All The Primus - Reprimed\mods}
[19:08:10] [main/INFO]: Found mod file emixx-forge-1.3.3.jar of type MOD with provider {mods folder locator at C:\Users\gian2\curseforge\Instances\All The Primus - Reprimed\mods}
[19:08:10] [main/INFO]: Found mod file EnchantmentDescriptions-Forge-1.20.1-17.1.21.jar of type MOD with provider {mods folder locator at C:\Users\gian2\curseforge\Instances\All The Primus - Reprimed\mods}
[19:08:10] [main/INFO]: Found mod file EndingLibrary-1.20.1-2.1.9-all.jar of type MOD with provider {mods folder locator at C:\Users\gian2\curseforge\Instances\All The Primus - Reprimed\mods}
[19:08:10] [main/INFO]: Found mod file EnigmaticLegacy-2.30.1.jar of type MOD with provider {mods folder locator at C:\Users\gian2\curseforge\Instances\All The Primus - Reprimed\mods}
[19:08:10] [main/INFO]: Found mod file entity_model_features_1.20.1-forge-3.0.17.jar of type MOD with provider {mods folder locator at C:\Users\gian2\curseforge\Instances\All The Primus - Reprimed\mods}
[19:08:10] [main/INFO]: Found mod file entity_sound_features_1.20.4-forge-0.7.1.jar of type MOD with provider {mods folder locator at C:\Users\gian2\curseforge\Instances\All The Primus - Reprimed\mods}
[19:08:10] [main/INFO]: Found mod file entity_texture_features_1.20.1-forge-7.0.13.jar of type MOD with provider {mods folder locator at C:\Users\gian2\curseforge\Instances\All The Primus - Reprimed\mods}
[19:08:10] [main/INFO]: Found mod file entityculling-forge-1.10.0-mc1.20.1.jar of type MOD with provider {mods folder locator at C:\Users\gian2\curseforge\Instances\All The Primus - Reprimed\mods}
[19:08:10] [main/INFO]: Found mod file entityjs-0.6.7-1.20.1.jar of type MOD with provider {mods folder locator at C:\Users\gian2\curseforge\Instances\All The Primus - Reprimed\mods}
[19:08:10] [main/INFO]: Found mod file epic-knights-1.20.1-forge-10.11.jar of type MOD with provider {mods folder locator at C:\Users\gian2\curseforge\Instances\All The Primus - Reprimed\mods}
[19:08:10] [main/INFO]: Found mod file fancytoasts-forge-1.20.1-1.4.6.jar of type MOD with provider {mods folder locator at C:\Users\gian2\curseforge\Instances\All The Primus - Reprimed\mods}
[19:08:10] [main/INFO]: Found mod file fastasyncworldsave-1.20.1-2.6.jar of type MOD with provider {mods folder locator at C:\Users\gian2\curseforge\Instances\All The Primus - Reprimed\mods}
[19:08:10] [main/INFO]: Found mod file FastFurnace-1.20.1-8.0.2.jar of type MOD with provider {mods folder locator at C:\Users\gian2\curseforge\Instances\All The Primus - Reprimed\mods}
[19:08:10] [main/INFO]: Found mod file FastSuite-1.20.1-5.1.2.jar of type MOD with provider {mods folder locator at C:\Users\gian2\curseforge\Instances\All The Primus - Reprimed\mods}
[19:08:10] [main/INFO]: Found mod file FastWorkbench-1.20.1-8.0.4.jar of type MOD with provider {mods folder locator at C:\Users\gian2\curseforge\Instances\All The Primus - Reprimed\mods}
[19:08:10] [main/INFO]: Found mod file fdlib-1.0.9-1.20.1.jar of type MOD with provider {mods folder locator at C:\Users\gian2\curseforge\Instances\All The Primus - Reprimed\mods}
[19:08:10] [main/INFO]: Found mod file ferritecore-6.0.1-forge.jar of type MOD with provider {mods folder locator at C:\Users\gian2\curseforge\Instances\All The Primus - Reprimed\mods}
[19:08:10] [main/INFO]: Found mod file flerovium-forge-1.20.1-1.2.18-all.jar of type MOD with provider {mods folder locator at C:\Users\gian2\curseforge\Instances\All The Primus - Reprimed\mods}
[19:08:10] [main/INFO]: Found mod file fragmentum-forge-1.20.1-1.1.4.jar of type MOD with provider {mods folder locator at C:\Users\gian2\curseforge\Instances\All The Primus - Reprimed\mods}
[19:08:10] [main/INFO]: Found mod file framework-forge-1.20.1-0.8.0.jar of type MOD with provider {mods folder locator at C:\Users\gian2\curseforge\Instances\All The Primus - Reprimed\mods}
[19:08:10] [main/INFO]: Found mod file ftb-library-forge-2001.2.12.jar of type MOD with provider {mods folder locator at C:\Users\gian2\curseforge\Instances\All The Primus - Reprimed\mods}
[19:08:10] [main/INFO]: Found mod file ftb-quests-forge-2001.4.20.jar of type MOD with provider {mods folder locator at C:\Users\gian2\curseforge\Instances\All The Primus - Reprimed\mods}
[19:08:10] [main/INFO]: Found mod file ftb-teams-forge-2001.3.2.jar of type MOD with provider {mods folder locator at C:\Users\gian2\curseforge\Instances\All The Primus - Reprimed\mods}
[19:08:10] [main/INFO]: Found mod file ftb-xmod-compat-forge-2.1.3.jar of type MOD with provider {mods folder locator at C:\Users\gian2\curseforge\Instances\All The Primus - Reprimed\mods}
[19:08:10] [main/INFO]: Found mod file fusion-1.2.12-forge-mc1.20.1.jar of type MOD with provider {mods folder locator at C:\Users\gian2\curseforge\Instances\All The Primus - Reprimed\mods}
[19:08:10] [main/INFO]: Found mod file fzzy_config-0.7.6+1.20.1+forge.jar of type MOD with provider {mods folder locator at C:\Users\gian2\curseforge\Instances\All The Primus - Reprimed\mods}
[19:08:10] [main/INFO]: Found mod file geckolib-forge-1.20.1-4.8.3.jar of type MOD with provider {mods folder locator at C:\Users\gian2\curseforge\Instances\All The Primus - Reprimed\mods}
[19:08:10] [main/INFO]: Found mod file geodynamic_attributes-1.0.0-1.20.1.jar of type MOD with provider {mods folder locator at C:\Users\gian2\curseforge\Instances\All The Primus - Reprimed\mods}
[19:08:10] [main/INFO]: Found mod file getittogetherdrops-forge-1.20-1.3.jar of type MOD with provider {mods folder locator at C:\Users\gian2\curseforge\Instances\All The Primus - Reprimed\mods}
[19:08:10] [main/INFO]: Found mod file ghastscrash-backport-forge-1.20.1.jar of type MOD with provider {mods folder locator at C:\Users\gian2\curseforge\Instances\All The Primus - Reprimed\mods}
[19:08:10] [main/INFO]: Found mod file goety-2.5.50.2.jar of type MOD with provider {mods folder locator at C:\Users\gian2\curseforge\Instances\All The Primus - Reprimed\mods}
[19:08:10] [main/INFO]: Found mod file goetyiron-2.0.2.jar of type MOD with provider {mods folder locator at C:\Users\gian2\curseforge\Instances\All The Primus - Reprimed\mods}
[19:08:10] [main/INFO]: Found mod file great_scrollable_tooltips-15.5.0+forge.jar of type MOD with provider {mods folder locator at C:\Users\gian2\curseforge\Instances\All The Primus - Reprimed\mods}
[19:08:10] [main/INFO]: Found mod file gtbcs_spell_lib-1.5.0-1.20.1.jar of type MOD with provider {mods folder locator at C:\Users\gian2\curseforge\Instances\All The Primus - Reprimed\mods}
[19:08:10] [main/INFO]: Found mod file Icarae-Origin-Forge-1.2.0.jar of type MOD with provider {mods folder locator at C:\Users\gian2\curseforge\Instances\All The Primus - Reprimed\mods}
[19:08:10] [main/INFO]: Found mod file Icarus-Forge-2.13.1.jar of type MOD with provider {mods folder locator at C:\Users\gian2\curseforge\Instances\All The Primus - Reprimed\mods}
[19:08:10] [main/INFO]: Found mod file Iceberg-1.20.1-forge-1.1.25.jar of type MOD with provider {mods folder locator at C:\Users\gian2\curseforge\Instances\All The Primus - Reprimed\mods}
[19:08:10] [main/INFO]: Found mod file illageandspillagerespillaged-1.2.8.jar of type MOD with provider {mods folder locator at C:\Users\gian2\curseforge\Instances\All The Primus - Reprimed\mods}
[19:08:10] [main/INFO]: Found mod file ImmediatelyFast-Forge-1.5.4+1.20.4.jar of type MOD with provider {mods folder locator at C:\Users\gian2\curseforge\Instances\All The Primus - Reprimed\mods}
[19:08:10] [main/INFO]: Found mod file immersive_optimization-forge-1.20.1-0.1.4.jar of type MOD with provider {mods folder locator at C:\Users\gian2\curseforge\Instances\All The Primus - Reprimed\mods}
[19:08:10] [main/INFO]: Found mod file incontrol-1.20-9.4.6.jar of type MOD with provider {mods folder locator at C:\Users\gian2\curseforge\Instances\All The Primus - Reprimed\mods}
[19:08:10] [main/INFO]: Found mod file irons_patreon_lib-1.20.1-1.0.1.jar of type MOD with provider {mods folder locator at C:\Users\gian2\curseforge\Instances\All The Primus - Reprimed\mods}
[19:08:10] [main/INFO]: Found mod file irons_spellbooks-1.20.1-3.15.5.1.jar of type MOD with provider {mods folder locator at C:\Users\gian2\curseforge\Instances\All The Primus - Reprimed\mods}
[19:08:10] [main/INFO]: Found mod file irons_spells_js-1.20.1-6.5-3.14-r2-release.jar of type MOD with provider {mods folder locator at C:\Users\gian2\curseforge\Instances\All The Primus - Reprimed\mods}
[19:08:10] [main/INFO]: Found mod file iss_scroll_description-1.0.0.jar of type MOD with provider {mods folder locator at C:\Users\gian2\curseforge\Instances\All The Primus - Reprimed\mods}
[19:08:10] [main/INFO]: Found mod file itemcoating-forge-2.0.1.jar of type MOD with provider {mods folder locator at C:\Users\gian2\curseforge\Instances\All The Primus - Reprimed\mods}
[19:08:10] [main/INFO]: Found mod file ItemPhysic_FORGE_v1.8.11_mc1.20.1.jar of type MOD with provider {mods folder locator at C:\Users\gian2\curseforge\Instances\All The Primus - Reprimed\mods}
[19:08:10] [main/INFO]: Found mod file iter_rpg-0.7.9-forge-1.20.1.jar of type MOD with provider {mods folder locator at C:\Users\gian2\curseforge\Instances\All The Primus - Reprimed\mods}
[19:08:10] [main/INFO]: Found mod file Jade-1.20.1-Forge-11.13.2.jar of type MOD with provider {mods folder locator at C:\Users\gian2\curseforge\Instances\All The Primus - Reprimed\mods}
[19:08:10] [main/INFO]: Found mod file jei-1.20.1-forge-15.20.0.112.jar of type MOD with provider {mods folder locator at C:\Users\gian2\curseforge\Instances\All The Primus - Reprimed\mods}
[19:08:10] [main/INFO]: Found mod file Kambrik-6.1.1+1.20.1-forge.jar of type MOD with provider {mods folder locator at C:\Users\gian2\curseforge\Instances\All The Primus - Reprimed\mods}
[19:08:10] [main/INFO]: Found mod file Kiwi-1.20.1-Forge-11.10.1.jar of type MOD with provider {mods folder locator at C:\Users\gian2\curseforge\Instances\All The Primus - Reprimed\mods}
[19:08:10] [main/INFO]: Found mod file kotlinforforge-4.12.0-all.jar of type LIBRARY with provider {mods folder locator at C:\Users\gian2\curseforge\Instances\All The Primus - Reprimed\mods}
[19:08:10] [main/INFO]: Found mod file kubejs-forge-2001.6.5-build.16.jar of type MOD with provider {mods folder locator at C:\Users\gian2\curseforge\Instances\All The Primus - Reprimed\mods}
[19:08:10] [main/INFO]: Found mod file l2archery-2.5.0.jar of type MOD with provider {mods folder locator at C:\Users\gian2\curseforge\Instances\All The Primus - Reprimed\mods}
[19:08:10] [main/INFO]: Found mod file l2artifacts-2.4.28.jar of type MOD with provider {mods folder locator at C:\Users\gian2\curseforge\Instances\All The Primus - Reprimed\mods}
[19:08:10] [main/INFO]: Found mod file l2backpack-2.5.8.jar of type MOD with provider {mods folder locator at C:\Users\gian2\curseforge\Instances\All The Primus - Reprimed\mods}
[19:08:10] [main/INFO]: Found mod file l2complements-2.6.1.jar of type MOD with provider {mods folder locator at C:\Users\gian2\curseforge\Instances\All The Primus - Reprimed\mods}
[19:08:10] [main/INFO]: Found mod file l2library-2.5.3.jar of type MOD with provider {mods folder locator at C:\Users\gian2\curseforge\Instances\All The Primus - Reprimed\mods}
[19:08:10] [main/INFO]: Found mod file L_Enders_Cataclysm-3.16.jar of type MOD with provider {mods folder locator at C:\Users\gian2\curseforge\Instances\All The Primus - Reprimed\mods}
[19:08:10] [main/INFO]: Found mod file LegendaryTooltips-1.20.1-forge-1.4.5.jar of type MOD with provider {mods folder locator at C:\Users\gian2\curseforge\Instances\All The Primus - Reprimed\mods}
[19:08:10] [main/INFO]: Found mod file legendreliclib-1.3.2.jar of type MOD with provider {mods folder locator at C:\Users\gian2\curseforge\Instances\All The Primus - Reprimed\mods}
[19:08:10] [main/INFO]: Found mod file letmedespawn-1.20.x-forge-1.5.0.jar of type MOD with provider {mods folder locator at C:\Users\gian2\curseforge\Instances\All The Primus - Reprimed\mods}
[19:08:10] [main/INFO]: Found mod file letsdo-API-forge-1.2.15-forge.jar of type MOD with provider {mods folder locator at C:\Users\gian2\curseforge\Instances\All The Primus - Reprimed\mods}
[19:08:10] [main/INFO]: Found mod file lionfishapi-2.4-Fix.jar of type MOD with provider {mods folder locator at C:\Users\gian2\curseforge\Instances\All The Primus - Reprimed\mods}
[19:08:10] [main/INFO]: Found mod file lithostitched-forge-1.20.1-1.4.11.jar of type MOD with provider {mods folder locator at C:\Users\gian2\curseforge\Instances\All The Primus - Reprimed\mods}
[19:08:10] [main/INFO]: Found mod file logprot-1.20.1-3.5.jar of type MOD with provider {mods folder locator at C:\Users\gian2\curseforge\Instances\All The Primus - Reprimed\mods}
[19:08:10] [main/INFO]: Found mod file lootjs-forge-1.20.1-2.13.1.jar of type MOD with provider {mods folder locator at C:\Users\gian2\curseforge\Instances\All The Primus - Reprimed\mods}
[19:08:10] [main/INFO]: Found mod file lootstories-1.20.1-1.3.0.jar of type MOD with provider {mods folder locator at C:\Users\gian2\curseforge\Instances\All The Primus - Reprimed\mods}
[19:08:10] [main/INFO]: Found mod file Lychee-1.20.1-Forge-5.1.24.jar of type MOD with provider {mods folder locator at C:\Users\gian2\curseforge\Instances\All The Primus - Reprimed\mods}
[19:08:10] [main/INFO]: Found mod file majrusz-library-forge-1.20.1-7.0.8.jar of type MOD with provider {mods folder locator at C:\Users\gian2\curseforge\Instances\All The Primus - Reprimed\mods}
[19:08:10] [main/INFO]: Found mod file majruszs-difficulty-forge-1.20.1-1.9.10.jar of type MOD with provider {mods folder locator at C:\Users\gian2\curseforge\Instances\All The Primus - Reprimed\mods}
[19:08:10] [main/INFO]: Found mod file mcqoy-0.4.1+forge-1.20.jar of type MOD with provider {mods folder locator at C:\Users\gian2\curseforge\Instances\All The Primus - Reprimed\mods}
[19:08:10] [main/INFO]: Found mod file midnightlib-forge-1.9.2+1.20.1.jar of type MOD with provider {mods folder locator at C:\Users\gian2\curseforge\Instances\All The Primus - Reprimed\mods}
[19:08:10] [main/INFO]: Found mod file mobbility-addon-combat-roll-forge-1.0.0.jar of type MOD with provider {mods folder locator at C:\Users\gian2\curseforge\Instances\All The Primus - Reprimed\mods}
[19:08:10] [main/INFO]: Found mod file mobbility-addon-irons-spellbooks-1.0.1.jar of type MOD with provider {mods folder locator at C:\Users\gian2\curseforge\Instances\All The Primus - Reprimed\mods}
[19:08:10] [main/INFO]: Found mod file mobbility-forge-1.0.1.jar of type MOD with provider {mods folder locator at C:\Users\gian2\curseforge\Instances\All The Primus - Reprimed\mods}
[19:08:10] [main/INFO]: Found mod file mobcontrol-1.20.1-1.5.15.jar of type MOD with provider {mods folder locator at C:\Users\gian2\curseforge\Instances\All The Primus - Reprimed\mods}
[19:08:10] [main/INFO]: Found mod file mobplayeranimator-forge-1.20.1-1.3.3-all.jar of type MOD with provider {mods folder locator at C:\Users\gian2\curseforge\Instances\All The Primus - Reprimed\mods}
[19:08:10] [main/INFO]: Found mod file mobtimizations-forge-1.20.1-1.0.1.jar of type MOD with provider {mods folder locator at C:\Users\gian2\curseforge\Instances\All The Primus - Reprimed\mods}
[19:08:10] [main/INFO]: Found mod file modernfix-forge-5.26.2+mc1.20.1.jar of type MOD with provider {mods folder locator at C:\Users\gian2\curseforge\Instances\All The Primus - Reprimed\mods}
[19:08:10] [main/INFO]: Found mod file ModernUI-Forge-1.20.1-3.12.0.1-universal.jar of type MOD with provider {mods folder locator at C:\Users\gian2\curseforge\Instances\All The Primus - Reprimed\mods}
[19:08:10] [main/INFO]: Found mod file moonlight-1.20-2.16.28-forge.jar of type MOD with provider {mods folder locator at C:\Users\gian2\curseforge\Instances\All The Primus - Reprimed\mods}
[19:08:10] [main/INFO]: Found mod file MouseTweaks-forge-mc1.20.1-2.25.1.jar of type MOD with provider {mods folder locator at C:\Users\gian2\curseforge\Instances\All The Primus - Reprimed\mods}
[19:08:10] [main/INFO]: Found mod file mowziesmobs-1.8.2.jar of type MOD with provider {mods folder locator at C:\Users\gian2\curseforge\Instances\All The Primus - Reprimed\mods}
[19:08:10] [main/INFO]: Found mod file NexusLayer-1.1.2.jar of type MOD with provider {mods folder locator at C:\Users\gian2\curseforge\Instances\All The Primus - Reprimed\mods}
[19:08:10] [main/INFO]: Found mod file Not Enough Recipe Book-FORGE-0.4.1+1.20.1.jar of type MOD with provider {mods folder locator at C:\Users\gian2\curseforge\Instances\All The Primus - Reprimed\mods}
[19:08:10] [main/INFO]: Found mod file notenoughanimations-forge-1.12.0-mc1.20.1.jar of type MOD with provider {mods folder locator at C:\Users\gian2\curseforge\Instances\All The Primus - Reprimed\mods}
[19:08:10] [main/INFO]: Found mod file OctoLib-FORGE-0.5.0.1+1.20.1.jar of type MOD with provider {mods folder locator at C:\Users\gian2\curseforge\Instances\All The Primus - Reprimed\mods}
[19:08:10] [main/INFO]: Found mod file oculus-mc1.20.1-1.8.0.jar of type MOD with provider {mods folder locator at C:\Users\gian2\curseforge\Instances\All The Primus - Reprimed\mods}
[19:08:10] [main/INFO]: Found mod file origins-forge-1.20.1-1.10.0.9-all.jar of type MOD with provider {mods folder locator at C:\Users\gian2\curseforge\Instances\All The Primus - Reprimed\mods}
[19:08:10] [main/INFO]: Found mod file OverflowingBars-v8.0.1-1.20.1-Forge.jar of type MOD with provider {mods folder locator at C:\Users\gian2\curseforge\Instances\All The Primus - Reprimed\mods}
[19:08:10] [main/INFO]: Found mod file packetfixer-3.3.2-1.18-1.20.4-merged.jar of type MOD with provider {mods folder locator at C:\Users\gian2\curseforge\Instances\All The Primus - Reprimed\mods}
[19:08:10] [main/INFO]: Found mod file ParCool-1.20.1-3.4.3.3.jar of type MOD with provider {mods folder locator at C:\Users\gian2\curseforge\Instances\All The Primus - Reprimed\mods}
[19:08:10] [main/INFO]: Found mod file particle_core-0.3.3+1.20.1+forge.jar of type MOD with provider {mods folder locator at C:\Users\gian2\curseforge\Instances\All The Primus - Reprimed\mods}
[19:08:10] [main/INFO]: Found mod file particular-1.20.1-Forge-1.2.7.jar of type MOD with provider {mods folder locator at C:\Users\gian2\curseforge\Instances\All The Primus - Reprimed\mods}
[19:08:10] [main/INFO]: Found mod file Patchouli-1.20.1-85-FORGE.jar of type MOD with provider {mods folder locator at C:\Users\gian2\curseforge\Instances\All The Primus - Reprimed\mods}
[19:08:10] [main/INFO]: Found mod file Pehkui-3.8.2+1.20.1-forge.jar of type MOD with provider {mods folder locator at C:\Users\gian2\curseforge\Instances\All The Primus - Reprimed\mods}
[19:08:10] [main/INFO]: Found mod file Placebo-1.20.1-8.6.3.jar of type MOD with provider {mods folder locator at C:\Users\gian2\curseforge\Instances\All The Primus - Reprimed\mods}
[19:08:10] [main/INFO]: Found mod file player-animation-lib-forge-1.0.2-rc1+1.20.jar of type MOD with provider {mods folder locator at C:\Users\gian2\curseforge\Instances\All The Primus - Reprimed\mods}
[19:08:10] [main/INFO]: Found mod file PlayerRevive_FORGE_v2.0.31_mc1.20.1.jar of type MOD with provider {mods folder locator at C:\Users\gian2\curseforge\Instances\All The Primus - Reprimed\mods}
[19:08:10] [main/INFO]: Found mod file polymorph-forge-0.49.10+1.20.1.jar of type MOD with provider {mods folder locator at C:\Users\gian2\curseforge\Instances\All The Primus - Reprimed\mods}
[19:08:10] [main/INFO]: Found mod file Prism-1.20.1-forge-1.0.5.jar of type MOD with provider {mods folder locator at C:\Users\gian2\curseforge\Instances\All The Primus - Reprimed\mods}
[19:08:10] [main/INFO]: Found mod file ProbeJSLegacy-1.20.1-6.0.3.jar of type MOD with provider {mods folder locator at C:\Users\gian2\curseforge\Instances\All The Primus - Reprimed\mods}
[19:08:10] [main/INFO]: Found mod file puffish_attributes-0.8.2-1.20-forge.jar of type MOD with provider {mods folder locator at C:\Users\gian2\curseforge\Instances\All The Primus - Reprimed\mods}
[19:08:10] [main/INFO]: Found mod file puffish_skills-0.17.3-1.20-forge.jar of type MOD with provider {mods folder locator at C:\Users\gian2\curseforge\Instances\All The Primus - Reprimed\mods}
[19:08:10] [main/INFO]: Found mod file puffish_skills_origins-0.2.1-1.20.1-forge.jar of type MOD with provider {mods folder locator at C:\Users\gian2\curseforge\Instances\All The Primus - Reprimed\mods}
[19:08:10] [main/INFO]: Found mod file punchy-2.4.4-HOTFIX-forge-1.20.1.jar of type MOD with provider {mods folder locator at C:\Users\gian2\curseforge\Instances\All The Primus - Reprimed\mods}
[19:08:10] [main/INFO]: Found mod file PuzzlesLib-v8.1.33-1.20.1-Forge.jar of type MOD with provider {mods folder locator at C:\Users\gian2\curseforge\Instances\All The Primus - Reprimed\mods}
[19:08:10] [main/INFO]: Found mod file Quark-4.0-462.jar of type MOD with provider {mods folder locator at C:\Users\gian2\curseforge\Instances\All The Primus - Reprimed\mods}
[19:08:10] [main/INFO]: Found mod file rechiseled-1.2.4-forge-mc1.20.1.jar of type MOD with provider {mods folder locator at C:\Users\gian2\curseforge\Instances\All The Primus - Reprimed\mods}
[19:08:10] [main/INFO]: Found mod file recipeessentials-1.20.1-4.0.jar of type MOD with provider {mods folder locator at C:\Users\gian2\curseforge\Instances\All The Primus - Reprimed\mods}
[19:08:10] [main/INFO]: Found mod file resourcefulconfig-forge-1.20.1-2.1.3.jar of type MOD with provider {mods folder locator at C:\Users\gian2\curseforge\Instances\All The Primus - Reprimed\mods}
[19:08:10] [main/INFO]: Found mod file resourcefullib-forge-1.20.1-2.1.29.jar of type MOD with provider {mods folder locator at C:\Users\gian2\curseforge\Instances\All The Primus - Reprimed\mods}
[19:08:10] [main/INFO]: Found mod file rhino-forge-2001.2.3-build.10.jar of type MOD with provider {mods folder locator at C:\Users\gian2\curseforge\Instances\All The Primus - Reprimed\mods}
[19:08:10] [main/INFO]: Found mod file ritchiesprojectilelib-2.1.1-mc.1.20.1-forge.jar of type MOD with provider {mods folder locator at C:\Users\gian2\curseforge\Instances\All The Primus - Reprimed\mods}
[19:08:10] [main/INFO]: Found mod file ScorchedGuns-0.5.5-1.20.1.jar of type MOD with provider {mods folder locator at C:\Users\gian2\curseforge\Instances\All The Primus - Reprimed\mods}
[19:08:10] [main/INFO]: Found mod file Searchables-forge-1.20.1-1.0.3.jar of type MOD with provider {mods folder locator at C:\Users\gian2\curseforge\Instances\All The Primus - Reprimed\mods}
[19:08:10] [main/INFO]: Found mod file Shoulder_Surfing_Pehkui_Compat-1.0.1.jar of type MOD with provider {mods folder locator at C:\Users\gian2\curseforge\Instances\All The Primus - Reprimed\mods}
[19:08:10] [main/INFO]: Found mod file ShoulderSurfing-Forge-1.20.1-4.22.3.jar of type MOD with provider {mods folder locator at C:\Users\gian2\curseforge\Instances\All The Primus - Reprimed\mods}
[19:08:10] [main/INFO]: Found mod file SlashBladeResharped-1.20.1-1.8.62.jar of type MOD with provider {mods folder locator at C:\Users\gian2\curseforge\Instances\All The Primus - Reprimed\mods}
[19:08:10] [main/INFO]: Found mod file smoothchunk-1.20.1-4.1.jar of type MOD with provider {mods folder locator at C:\Users\gian2\curseforge\Instances\All The Primus - Reprimed\mods}
[19:08:10] [main/INFO]: Found mod file sodiumdynamiclights-forge-1.0.10-1.20.1.jar of type MOD with provider {mods folder locator at C:\Users\gian2\curseforge\Instances\All The Primus - Reprimed\mods}
[19:08:10] [main/INFO]: Found mod file sodiumextras-forge-1.0.7-1.20.1.jar of type MOD with provider {mods folder locator at C:\Users\gian2\curseforge\Instances\All The Primus - Reprimed\mods}
[19:08:10] [main/INFO]: Found mod file sodiumoptionsapi-forge-1.0.10-1.20.1.jar of type MOD with provider {mods folder locator at C:\Users\gian2\curseforge\Instances\All The Primus - Reprimed\mods}
[19:08:10] [main/INFO]: Found mod file sodiumoptionsmodcompat-forge-1.0.0-1.20.1.jar of type MOD with provider {mods folder locator at C:\Users\gian2\curseforge\Instances\All The Primus - Reprimed\mods}
[19:08:10] [main/INFO]: Found mod file structureessentials-1.20.1-4.8.jar of type MOD with provider {mods folder locator at C:\Users\gian2\curseforge\Instances\All The Primus - Reprimed\mods}
[19:08:10] [main/INFO]: Found mod file supermartijn642configlib-1.1.8-forge-mc1.20.jar of type MOD with provider {mods folder locator at C:\Users\gian2\curseforge\Instances\All The Primus - Reprimed\mods}
[19:08:10] [main/INFO]: Found mod file supermartijn642corelib-1.1.21-forge-mc1.20.1.jar of type MOD with provider {mods folder locator at C:\Users\gian2\curseforge\Instances\All The Primus - Reprimed\mods}
[19:08:10] [main/INFO]: Found mod file swordskill-1.2.5.jar of type MOD with provider {mods folder locator at C:\Users\gian2\curseforge\Instances\All The Primus - Reprimed\mods}
[19:08:10] [main/INFO]: Found mod file TerraBlender-forge-1.20.1-3.0.1.10.jar of type MOD with provider {mods folder locator at C:\Users\gian2\curseforge\Instances\All The Primus - Reprimed\mods}
[19:08:10] [main/INFO]: Found mod file Tips-Forge-1.20.1-12.1.9.jar of type MOD with provider {mods folder locator at C:\Users\gian2\curseforge\Instances\All The Primus - Reprimed\mods}
[19:08:10] [main/INFO]: Found mod file traveloptics-6.3.0-1.20.1.jar of type MOD with provider {mods folder locator at C:\Users\gian2\curseforge\Instances\All The Primus - Reprimed\mods}
[19:08:10] [main/INFO]: Found mod file txnilib-forge-1.0.24-1.20.1.jar of type MOD with provider {mods folder locator at C:\Users\gian2\curseforge\Instances\All The Primus - Reprimed\mods}
[19:08:10] [main/INFO]: Found mod file vminus-3.3.2.jar of type MOD with provider {mods folder locator at C:\Users\gian2\curseforge\Instances\All The Primus - Reprimed\mods}
[19:08:10] [main/INFO]: Found mod file voicechat-forge-1.20.1-2.6.15.jar of type MOD with provider {mods folder locator at C:\Users\gian2\curseforge\Instances\All The Primus - Reprimed\mods}
[19:08:10] [main/INFO]: Found mod file walkers-5.8.1.jar of type MOD with provider {mods folder locator at C:\Users\gian2\curseforge\Instances\All The Primus - Reprimed\mods}
[19:08:10] [main/INFO]: Found mod file yet_another_config_lib_v3-3.6.6+1.20.1-forge.jar of type MOD with provider {mods folder locator at C:\Users\gian2\curseforge\Instances\All The Primus - Reprimed\mods}
[19:08:10] [main/INFO]: Found mod file Zeta-1.0-31.jar of type MOD with provider {mods folder locator at C:\Users\gian2\curseforge\Instances\All The Primus - Reprimed\mods}
[19:08:11] [main/WARN]: Mod file C:\Users\gian2\curseforge\Install\libraries\net\minecraftforge\fmlcore\1.20.1-47.4.18\fmlcore-1.20.1-47.4.18.jar is missing mods.toml file
[19:08:11] [main/WARN]: Mod file C:\Users\gian2\curseforge\Install\libraries\net\minecraftforge\javafmllanguage\1.20.1-47.4.18\javafmllanguage-1.20.1-47.4.18.jar is missing mods.toml file
[19:08:11] [main/WARN]: Mod file C:\Users\gian2\curseforge\Install\libraries\net\minecraftforge\lowcodelanguage\1.20.1-47.4.18\lowcodelanguage-1.20.1-47.4.18.jar is missing mods.toml file
[19:08:11] [main/WARN]: Mod file C:\Users\gian2\curseforge\Install\libraries\net\minecraftforge\mclanguage\1.20.1-47.4.18\mclanguage-1.20.1-47.4.18.jar is missing mods.toml file
[19:08:11] [main/INFO]: Found mod file fmlcore-1.20.1-47.4.18.jar of type LIBRARY with provider net.minecraftforge.fml.loading.moddiscovery.MinecraftLocator@5399f6c5
[19:08:11] [main/INFO]: Found mod file javafmllanguage-1.20.1-47.4.18.jar of type LANGPROVIDER with provider net.minecraftforge.fml.loading.moddiscovery.MinecraftLocator@5399f6c5
[19:08:11] [main/INFO]: Found mod file lowcodelanguage-1.20.1-47.4.18.jar of type LANGPROVIDER with provider net.minecraftforge.fml.loading.moddiscovery.MinecraftLocator@5399f6c5
[19:08:11] [main/INFO]: Found mod file mclanguage-1.20.1-47.4.18.jar of type LANGPROVIDER with provider net.minecraftforge.fml.loading.moddiscovery.MinecraftLocator@5399f6c5
[19:08:11] [main/INFO]: Found mod file client-1.20.1-20230612.114412-srg.jar of type MOD with provider net.minecraftforge.fml.loading.moddiscovery.MinecraftLocator@5399f6c5
[19:08:11] [main/INFO]: Found mod file forge-1.20.1-47.4.18-universal.jar of type MOD with provider net.minecraftforge.fml.loading.moddiscovery.MinecraftLocator@5399f6c5
[19:08:11] [main/INFO]: Found mod file crash_assistant-forge.jar of type MOD with provider dev.kostromdan.mods.crash_assistant.core_mod.services.CrashAssistantDependencyLocator@29fa6b65
[19:08:14] [main/WARN]: Attempted to select a dependency jar for JarJar which was passed in as source: playeranimator. Using Mod File: C:\Users\gian2\curseforge\Instances\All The Primus - Reprimed\mods\player-animation-lib-forge-1.0.2-rc1+1.20.jar
[19:08:14] [main/WARN]: Attempted to select a dependency jar for JarJar which was passed in as source: architectury. Using Mod File: C:\Users\gian2\curseforge\Instances\All The Primus - Reprimed\mods\architectury-9.2.14-forge.jar
[19:08:14] [main/WARN]: Attempted to select a dependency jar for JarJar which was passed in as source: l2library. Using Mod File: C:\Users\gian2\curseforge\Instances\All The Primus - Reprimed\mods\l2library-2.5.3.jar
[19:08:14] [main/INFO]: Found 94 dependencies adding them to mods collection
[19:08:14] [main/INFO]: Found mod file fabric-dimensions-v1-2.1.54+8005d10d77.jar of type MOD with provider net.minecraftforge.fml.loading.moddiscovery.JarInJarDependencyLocator@7ab2a07e
[19:08:14] [main/INFO]: Found mod file fabric-transfer-api-v1-3.3.5+631c9cd677.jar of type MOD with provider net.minecraftforge.fml.loading.moddiscovery.JarInJarDependencyLocator@7ab2a07e
[19:08:14] [main/INFO]: Found mod file kuma-api-forge-20.1.12+1.20.1.jar of type MOD with provider net.minecraftforge.fml.loading.moddiscovery.JarInJarDependencyLocator@7ab2a07e
[19:08:14] [main/INFO]: Found mod file fabric-renderer-api-v1-3.2.1+cf68abbe77.jar of type MOD with provider net.minecraftforge.fml.loading.moddiscovery.JarInJarDependencyLocator@7ab2a07e
[19:08:14] [main/INFO]: Found mod file l2tabs-0.3.3.jar of type MOD with provider net.minecraftforge.fml.loading.moddiscovery.JarInJarDependencyLocator@7ab2a07e
[19:08:14] [main/INFO]: Found mod file Reflect-1.6.1+curseforge.jar of type GAMELIBRARY with provider net.minecraftforge.fml.loading.moddiscovery.JarInJarDependencyLocator@7ab2a07e
[19:08:14] [main/INFO]: Found mod file additionalentityattributes-forge-1.4.0.5+1.20.1.jar of type MOD with provider net.minecraftforge.fml.loading.moddiscovery.JarInJarDependencyLocator@7ab2a07e
[19:08:14] [main/INFO]: Found mod file fabric-item-api-v1-2.1.28+4d0bbcfa77.jar of type MOD with provider net.minecraftforge.fml.loading.moddiscovery.JarInJarDependencyLocator@7ab2a07e
[19:08:14] [main/INFO]: Found mod file fabric-model-loading-api-v1-1.0.3+6274ab9d77.jar of type MOD with provider net.minecraftforge.fml.loading.moddiscovery.JarInJarDependencyLocator@7ab2a07e
[19:08:14] [main/INFO]: Found mod file imageio-webp-3.12.0.jar of type GAMELIBRARY with provider net.minecraftforge.fml.loading.moddiscovery.JarInJarDependencyLocator@7ab2a07e
[19:08:14] [main/INFO]: Found mod file fabric-rendering-fluids-v1-3.0.28+4ac5e37a77.jar of type MOD with provider net.minecraftforge.fml.loading.moddiscovery.JarInJarDependencyLocator@7ab2a07e
[19:08:14] [main/INFO]: Found mod file fabric-screen-handler-api-v1-1.3.30+561530ec77.jar of type MOD with provider net.minecraftforge.fml.loading.moddiscovery.JarInJarDependencyLocator@7ab2a07e
[19:08:14] [main/INFO]: Found mod file mixinextras-forge-0.5.3.jar of type GAMELIBRARY with provider net.minecraftforge.fml.loading.moddiscovery.JarInJarDependencyLocator@7ab2a07e
[19:08:14] [main/INFO]: Found mod file fabric-models-v0-0.4.2+7c3892a477.jar of type MOD with provider net.minecraftforge.fml.loading.moddiscovery.JarInJarDependencyLocator@7ab2a07e
[19:08:14] [main/INFO]: Found mod file mclib-20.jar of type GAMELIBRARY with provider net.minecraftforge.fml.loading.moddiscovery.JarInJarDependencyLocator@7ab2a07e
[19:08:14] [main/INFO]: Found mod file fabric-resource-loader-v0-0.11.10+bcd08ed377.jar of type MOD with provider net.minecraftforge.fml.loading.moddiscovery.JarInJarDependencyLocator@7ab2a07e
[19:08:14] [main/INFO]: Found mod file snakeyaml-2.2.jar of type GAMELIBRARY with provider net.minecraftforge.fml.loading.moddiscovery.JarInJarDependencyLocator@7ab2a07e
[19:08:14] [main/INFO]: Found mod file TRender-1.0.11-1.20.1-forge-SNAPSHOT.jar of type MOD with provider net.minecraftforge.fml.loading.moddiscovery.JarInJarDependencyLocator@7ab2a07e
[19:08:14] [main/INFO]: Found mod file apoli-forge-1.20.1-2.9.0.8.jar of type MOD with provider net.minecraftforge.fml.loading.moddiscovery.JarInJarDependencyLocator@7ab2a07e
[19:08:14] [main/INFO]: Found mod file fabric-rendering-v1-3.0.8+66e9a48f77.jar of type MOD with provider net.minecraftforge.fml.loading.moddiscovery.JarInJarDependencyLocator@7ab2a07e
[19:08:14] [main/INFO]: Found mod file fabric-renderer-indigo-1.5.2+b5b2da4177.jar of type MOD with provider net.minecraftforge.fml.loading.moddiscovery.JarInJarDependencyLocator@7ab2a07e
[19:08:14] [main/INFO]: Found mod file fabric-loader-2.6.0+0.15.0+1.20.1-full.jar of type LANGPROVIDER with provider net.minecraftforge.fml.loading.moddiscovery.JarInJarDependencyLocator@7ab2a07e
[19:08:14] [main/INFO]: Found mod file fabric-convention-tags-v1-1.5.5+fa3d1c0177.jar of type MOD with provider net.minecraftforge.fml.loading.moddiscovery.JarInJarDependencyLocator@7ab2a07e
[19:08:14] [main/INFO]: Found mod file battery-2.0.0.jar of type GAMELIBRARY with provider net.minecraftforge.fml.loading.moddiscovery.JarInJarDependencyLocator@7ab2a07e
[19:08:14] [main/INFO]: Found mod file fabric-mining-level-api-v1-2.1.50+561530ec77.jar of type MOD with provider net.minecraftforge.fml.loading.moddiscovery.JarInJarDependencyLocator@7ab2a07e
[19:08:14] [main/INFO]: Found mod file imageio-core-3.12.0.jar of type GAMELIBRARY with provider net.minecraftforge.fml.loading.moddiscovery.JarInJarDependencyLocator@7ab2a07e
[19:08:14] [main/INFO]: Found mod file fabric-command-api-v1-1.2.34+f71b366f77.jar of type MOD with provider net.minecraftforge.fml.loading.moddiscovery.JarInJarDependencyLocator@7ab2a07e
[19:08:14] [main/INFO]: Found mod file fabric-block-view-api-v2-1.0.1+0767707077.jar of type MOD with provider net.minecraftforge.fml.loading.moddiscovery.JarInJarDependencyLocator@7ab2a07e
[19:08:14] [main/INFO]: Found mod file fabric-command-api-v2-2.2.13+561530ec77.jar of type MOD with provider net.minecraftforge.fml.loading.moddiscovery.JarInJarDependencyLocator@7ab2a07e
[19:08:14] [main/INFO]: Found mod file fabric-data-attachment-api-v1-1.0.0+30ef839e77.jar of type MOD with provider net.minecraftforge.fml.loading.moddiscovery.JarInJarDependencyLocator@7ab2a07e
[19:08:14] [main/INFO]: Found mod file l2screentracker-0.1.4.jar of type MOD with provider net.minecraftforge.fml.loading.moddiscovery.JarInJarDependencyLocator@7ab2a07e
[19:08:14] [main/INFO]: Found mod file luaj-jse-3.0.8-figura.jar of type GAMELIBRARY with provider net.minecraftforge.fml.loading.moddiscovery.JarInJarDependencyLocator@7ab2a07e
[19:08:14] [main/INFO]: Found mod file mixinextras-forge-0.2.0-beta.8.jar of type GAMELIBRARY with provider net.minecraftforge.fml.loading.moddiscovery.JarInJarDependencyLocator@7ab2a07e
[19:08:14] [main/INFO]: Found mod file l2modularblock-1.1.0.jar of type GAMELIBRARY with provider net.minecraftforge.fml.loading.moddiscovery.JarInJarDependencyLocator@7ab2a07e
[19:08:14] [main/INFO]: Found mod file common-lang-3.12.0.jar of type GAMELIBRARY with provider net.minecraftforge.fml.loading.moddiscovery.JarInJarDependencyLocator@7ab2a07e
[19:08:14] [main/INFO]: Found mod file MixinExtras-0.5.3.jar of type GAMELIBRARY with provider net.minecraftforge.fml.loading.moddiscovery.JarInJarDependencyLocator@7ab2a07e
[19:08:14] [main/INFO]: Found mod file commonmark-0.25.0.jar of type GAMELIBRARY with provider net.minecraftforge.fml.loading.moddiscovery.JarInJarDependencyLocator@7ab2a07e
[19:08:14] [main/INFO]: Found mod file jankson-1.2.3.jar of type GAMELIBRARY with provider net.minecraftforge.fml.loading.moddiscovery.JarInJarDependencyLocator@7ab2a07e
[19:08:14] [main/INFO]: Found mod file fabric-screen-api-v1-2.0.8+45a670a577.jar of type MOD with provider net.minecraftforge.fml.loading.moddiscovery.JarInJarDependencyLocator@7ab2a07e
[19:08:14] [main/INFO]: Found mod file kfflib-4.12.0.jar of type GAMELIBRARY with provider net.minecraftforge.fml.loading.moddiscovery.JarInJarDependencyLocator@7ab2a07e
[19:08:14] [main/INFO]: Found mod file fabric-particles-v1-1.1.2+78e1ecb877.jar of type MOD with provider net.minecraftforge.fml.loading.moddiscovery.JarInJarDependencyLocator@7ab2a07e
[19:08:14] [main/INFO]: Found mod file gson-0.2.1.jar of type GAMELIBRARY with provider net.minecraftforge.fml.loading.moddiscovery.JarInJarDependencyLocator@7ab2a07e
[19:08:14] [main/INFO]: Found mod file puzzlesaccessapi-forge-20.1.1.jar of type MOD with provider net.minecraftforge.fml.loading.moddiscovery.JarInJarDependencyLocator@7ab2a07e
[19:08:14] [main/INFO]: Found mod file l2damagetracker-0.4.4.jar of type MOD with provider net.minecraftforge.fml.loading.moddiscovery.JarInJarDependencyLocator@7ab2a07e
[19:08:14] [main/INFO]: Found mod file fabric-api-0.92.2+1.11.12+1.20.1.jar of type MOD with provider net.minecraftforge.fml.loading.moddiscovery.JarInJarDependencyLocator@7ab2a07e
[19:08:14] [main/INFO]: Found mod file fabric-content-registries-v0-4.0.11+a670df1e77.jar of type MOD with provider net.minecraftforge.fml.loading.moddiscovery.JarInJarDependencyLocator@7ab2a07e
[19:08:14] [main/INFO]: Found mod file capabilitysyncer-1.20.1-4.0.1.jar of type GAMELIBRARY with provider net.minecraftforge.fml.loading.moddiscovery.JarInJarDependencyLocator@7ab2a07e
[19:08:14] [main/INFO]: Found mod file fabric-transitive-access-wideners-v1-4.3.1+1880499877.jar of type MOD with provider net.minecraftforge.fml.loading.moddiscovery.JarInJarDependencyLocator@7ab2a07e
[19:08:14] [main/INFO]: Found mod file common-1.2.0.jar of type GAMELIBRARY with provider net.minecraftforge.fml.loading.moddiscovery.JarInJarDependencyLocator@7ab2a07e
[19:08:14] [main/INFO]: Found mod file fabric-game-rule-api-v1-1.0.40+683d4da877.jar of type MOD with provider net.minecraftforge.fml.loading.moddiscovery.JarInJarDependencyLocator@7ab2a07e
[19:08:14] [main/INFO]: Found mod file fabric-api-base-0.4.31+ef105b4977.jar of type MOD with provider net.minecraftforge.fml.loading.moddiscovery.JarInJarDependencyLocator@7ab2a07e
[19:08:14] [main/INFO]: Found mod file commonality-1.20.1-7.0.0.jar of type MOD with provider net.minecraftforge.fml.loading.moddiscovery.JarInJarDependencyLocator@7ab2a07e
[19:08:14] [main/INFO]: Found mod file fabric-api-lookup-api-v1-1.6.36+67f9824077.jar of type MOD with provider net.minecraftforge.fml.loading.moddiscovery.JarInJarDependencyLocator@7ab2a07e
[19:08:14] [main/INFO]: Found mod file fabric-blockrenderlayer-v1-1.1.41+1d0da21e77.jar of type MOD with provider net.minecraftforge.fml.loading.moddiscovery.JarInJarDependencyLocator@7ab2a07e
[19:08:14] [main/INFO]: Found mod file mixinsquared-forge-0.3.6-beta.1.jar of type GAMELIBRARY with provider net.minecraftforge.fml.loading.moddiscovery.JarInJarDependencyLocator@7ab2a07e
[19:08:14] [main/INFO]: Found mod file common-io-3.12.0.jar of type GAMELIBRARY with provider net.minecraftforge.fml.loading.moddiscovery.JarInJarDependencyLocator@7ab2a07e
[19:08:14] [main/INFO]: Found mod file MixinSquared-0.3.6-beta.1.jar of type GAMELIBRARY with provider net.minecraftforge.fml.loading.moddiscovery.JarInJarDependencyLocator@7ab2a07e
[19:08:14] [main/INFO]: Found mod file Registrate-MC1.20-1.3.11.jar of type GAMELIBRARY with provider net.minecraftforge.fml.loading.moddiscovery.JarInJarDependencyLocator@7ab2a07e
[19:08:14] [main/INFO]: Found mod file spectrelib-forge-0.13.17+1.20.1.jar of type MOD with provider net.minecraftforge.fml.loading.moddiscovery.JarInJarDependencyLocator@7ab2a07e
[19:08:14] [main/INFO]: Found mod file json-0.2.1.jar of type GAMELIBRARY with provider net.minecraftforge.fml.loading.moddiscovery.JarInJarDependencyLocator@7ab2a07e
[19:08:14] [main/INFO]: Found mod file fabric-block-api-v1-1.0.11+0e6cb7f777.jar of type MOD with provider net.minecraftforge.fml.loading.moddiscovery.JarInJarDependencyLocator@7ab2a07e
[19:08:14] [main/INFO]: Found mod file fabric-resource-conditions-api-v1-2.3.8+9e342fc177.jar of type MOD with provider net.minecraftforge.fml.loading.moddiscovery.JarInJarDependencyLocator@7ab2a07e
[19:08:14] [main/INFO]: Found mod file calio-forge-1.20.1-1.11.0.5.jar of type MOD with provider net.minecraftforge.fml.loading.moddiscovery.JarInJarDependencyLocator@7ab2a07e
[19:08:14] [main/INFO]: Found mod file kffmod-4.12.0.jar of type MOD with provider net.minecraftforge.fml.loading.moddiscovery.JarInJarDependencyLocator@7ab2a07e
[19:08:14] [main/INFO]: Found mod file bytecodecs-1.0.2.jar of type GAMELIBRARY with provider net.minecraftforge.fml.loading.moddiscovery.JarInJarDependencyLocator@7ab2a07e
[19:08:14] [main/INFO]: Found mod file fabric-item-group-api-v1-4.0.12+c9161c2d77.jar of type MOD with provider net.minecraftforge.fml.loading.moddiscovery.JarInJarDependencyLocator@7ab2a07e
[19:08:14] [main/INFO]: Found mod file common-image-3.12.0.jar of type GAMELIBRARY with provider net.minecraftforge.fml.loading.moddiscovery.JarInJarDependencyLocator@7ab2a07e
[19:08:14] [main/INFO]: Found mod file jcpp-1.4.14.jar of type GAMELIBRARY with provider net.minecraftforge.fml.loading.moddiscovery.JarInJarDependencyLocator@7ab2a07e
[19:08:14] [main/INFO]: Found mod file kfflang-4.12.0.jar of type LANGPROVIDER with provider net.minecraftforge.fml.loading.moddiscovery.JarInJarDependencyLocator@7ab2a07e
[19:08:14] [main/INFO]: Found mod file fabric-biome-api-v1-13.0.13+dc36698e77.jar of type MOD with provider net.minecraftforge.fml.loading.moddiscovery.JarInJarDependencyLocator@7ab2a07e
[19:08:14] [main/INFO]: Found mod file luaj-core-3.0.8-figura.jar of type GAMELIBRARY with provider net.minecraftforge.fml.loading.moddiscovery.JarInJarDependencyLocator@7ab2a07e
[19:08:14] [main/INFO]: Found mod file fabric-entity-events-v1-1.6.0+4ca7515277.jar of type MOD with provider net.minecraftforge.fml.loading.moddiscovery.JarInJarDependencyLocator@7ab2a07e
[19:08:14] [main/INFO]: Found mod file kaleido-config-0.3.3+1.3.2.jar of type GAMELIBRARY with provider net.minecraftforge.fml.loading.moddiscovery.JarInJarDependencyLocator@7ab2a07e
[19:08:14] [main/INFO]: Found mod file fabric-registry-sync-v0-2.3.3+1c0ea72177.jar of type MOD with provider net.minecraftforge.fml.loading.moddiscovery.JarInJarDependencyLocator@7ab2a07e
[19:08:14] [main/INFO]: Found mod file EvalEx-3.0.1.jar of type GAMELIBRARY with provider net.minecraftforge.fml.loading.moddiscovery.JarInJarDependencyLocator@7ab2a07e
[19:08:14] [main/INFO]: Found mod file yabn-1.0.3.jar of type GAMELIBRARY with provider net.minecraftforge.fml.loading.moddiscovery.JarInJarDependencyLocator@7ab2a07e
[19:08:14] [main/INFO]: Found mod file fabric-recipe-api-v1-1.0.21+514a076577.jar of type MOD with provider net.minecraftforge.fml.loading.moddiscovery.JarInJarDependencyLocator@7ab2a07e
[19:08:14] [main/INFO]: Found mod file imageio-metadata-3.12.0.jar of type GAMELIBRARY with provider net.minecraftforge.fml.loading.moddiscovery.JarInJarDependencyLocator@7ab2a07e
[19:08:14] [main/INFO]: Found mod file fabric-loot-api-v2-1.2.1+eb28f93e77.jar of type MOD with provider net.minecraftforge.fml.loading.moddiscovery.JarInJarDependencyLocator@7ab2a07e
[19:08:14] [main/INFO]: Found mod file fabric-object-builder-api-v1-11.1.3+4bd998fa77.jar of type MOD with provider net.minecraftforge.fml.loading.moddiscovery.JarInJarDependencyLocator@7ab2a07e
[19:08:14] [main/INFO]: Found mod file conditional-mixin-forge-0.6.4.jar of type MOD with provider net.minecraftforge.fml.loading.moddiscovery.JarInJarDependencyLocator@7ab2a07e
[19:08:14] [main/INFO]: Found mod file TRansition-1.0.14-1.20.1-forge-SNAPSHOT.jar of type MOD with provider net.minecraftforge.fml.loading.moddiscovery.JarInJarDependencyLocator@7ab2a07e
[19:08:14] [main/INFO]: Found mod file fabric-rendering-data-attachment-v1-0.3.37+a6081afc77.jar of type MOD with provider net.minecraftforge.fml.loading.moddiscovery.JarInJarDependencyLocator@7ab2a07e
[19:08:14] [main/INFO]: Found mod file l2itemselector-0.1.11.jar of type MOD with provider net.minecraftforge.fml.loading.moddiscovery.JarInJarDependencyLocator@7ab2a07e
[19:08:14] [main/INFO]: Found mod file l2serial-1.2.2.jar of type GAMELIBRARY with provider net.minecraftforge.fml.loading.moddiscovery.JarInJarDependencyLocator@7ab2a07e
[19:08:14] [main/INFO]: Found mod file fabric-networking-api-v1-1.3.11+503a202477.jar of type MOD with provider net.minecraftforge.fml.loading.moddiscovery.JarInJarDependencyLocator@7ab2a07e
[19:08:14] [main/INFO]: Found mod file fabric-sound-api-v1-1.0.13+4f23bd8477.jar of type MOD with provider net.minecraftforge.fml.loading.moddiscovery.JarInJarDependencyLocator@7ab2a07e
[19:08:14] [main/INFO]: Found mod file fabric-message-api-v1-5.1.9+52cc178c77.jar of type MOD with provider net.minecraftforge.fml.loading.moddiscovery.JarInJarDependencyLocator@7ab2a07e
[19:08:14] [main/INFO]: Found mod file tomlkt-jvm-0.3.7.jar of type GAMELIBRARY with provider net.minecraftforge.fml.loading.moddiscovery.JarInJarDependencyLocator@7ab2a07e
[19:08:14] [main/INFO]: Found mod file fabric-lifecycle-events-v1-2.2.22+afab492177.jar of type MOD with provider net.minecraftforge.fml.loading.moddiscovery.JarInJarDependencyLocator@7ab2a07e
[19:08:14] [main/INFO]: Found mod file fabric-data-generation-api-v1-12.3.4+369cb3a477.jar of type MOD with provider net.minecraftforge.fml.loading.moddiscovery.JarInJarDependencyLocator@7ab2a07e
[19:08:14] [main/INFO]: Found mod file fabric-events-interaction-v0-0.6.2+0d0bd5a777.jar of type MOD with provider net.minecraftforge.fml.loading.moddiscovery.JarInJarDependencyLocator@7ab2a07e
[19:08:14] [main/INFO]: Found mod file fabric-key-binding-api-v1-1.0.37+561530ec77.jar of type MOD with provider net.minecraftforge.fml.loading.moddiscovery.JarInJarDependencyLocator@7ab2a07e
[19:08:14] [main/INFO]: Found mod file fabric-client-tags-api-v1-1.1.2+5d6761b877.jar of type MOD with provider net.minecraftforge.fml.loading.moddiscovery.JarInJarDependencyLocator@7ab2a07e
